<?xml version="1.0" encoding="UTF-8"?>
<!-- Generated by org.testng.reporters.JUnitXMLReporter -->
<testsuite ignored="5" hostname="LAPTOP-4C1CTOAL" failures="1" tests="1" name="chrome" time="23.016" errors="0" timestamp="2024-11-14T08:40:46 IST">
  <testcase classname="test_Cases.TestLeaveList" name="verifyResetDateFilter" time="12.006">
    <failure type="org.openqa.selenium.NoSuchElementException" message="no such element: Unable to locate element: {&amp;quot;method&amp;quot;:&amp;quot;xpath&amp;quot;,&amp;quot;selector&amp;quot;:&amp;quot;(//div[@class=&amp;apos;oxd-date-input&amp;apos;]/input)[1]&amp;quot;}
  (Session info: chrome=131.0.6778.69)
For documentation on this error, please visit: https://www.selenium.dev/documentation/webdriver/troubleshooting/errors#no-such-element-exception
Build info: version: &amp;apos;4.25.0&amp;apos;, revision: &amp;apos;8a8aea2337&amp;apos;
System info: os.name: &amp;apos;Windows 11&amp;apos;, os.arch: &amp;apos;amd64&amp;apos;, os.version: &amp;apos;10.0&amp;apos;, java.version: &amp;apos;23&amp;apos;
Driver info: org.openqa.selenium.chrome.ChromeDriver
Command: [b0bed0ff68404e740ce6c218ed56e001, findElement {using=xpath, value=(//div[@class=&amp;apos;oxd-date-input&amp;apos;]/input)[1]}]
Capabilities {acceptInsecureCerts: false, browserName: chrome, browserVersion: 131.0.6778.69, chrome: {chromedriverVersion: 131.0.6778.69 (77e2244bbcda..., userDataDir: C:\Users\RAMITA~1\AppData\L...}, fedcm:accounts: true, goog:chromeOptions: {debuggerAddress: localhost:50983}, networkConnectionEnabled: false, pageLoadStrategy: normal, platformName: windows, proxy: Proxy(), se:cdp: ws://localhost:50983/devtoo..., se:cdpVersion: 131.0.6778.69, setWindowRect: true, strictFileInteractability: false, timeouts: {implicit: 0, pageLoad: 300000, script: 30000}, unhandledPromptBehavior: dismiss and notify, webauthn:extension:credBlob: true, webauthn:extension:largeBlob: true, webauthn:extension:minPinLength: true, webauthn:extension:prf: true, webauthn:virtualAuthenticators: true}
Session ID: b0bed0ff68404e740ce6c218ed56e001">
      <![CDATA[org.openqa.selenium.NoSuchElementException: no such element: Unable to locate element: {"method":"xpath","selector":"(//div[@class='oxd-date-input']/input)[1]"}
  (Session info: chrome=131.0.6778.69)
For documentation on this error, please visit: https://www.selenium.dev/documentation/webdriver/troubleshooting/errors#no-such-element-exception
Build info: version: '4.25.0', revision: '8a8aea2337'
System info: os.name: 'Windows 11', os.arch: 'amd64', os.version: '10.0', java.version: '23'
Driver info: org.openqa.selenium.chrome.ChromeDriver
Command: [b0bed0ff68404e740ce6c218ed56e001, findElement {using=xpath, value=(//div[@class='oxd-date-input']/input)[1]}]
Capabilities {acceptInsecureCerts: false, browserName: chrome, browserVersion: 131.0.6778.69, chrome: {chromedriverVersion: 131.0.6778.69 (77e2244bbcda..., userDataDir: C:\Users\RAMITA~1\AppData\L...}, fedcm:accounts: true, goog:chromeOptions: {debuggerAddress: localhost:50983}, networkConnectionEnabled: false, pageLoadStrategy: normal, platformName: windows, proxy: Proxy(), se:cdp: ws://localhost:50983/devtoo..., se:cdpVersion: 131.0.6778.69, setWindowRect: true, strictFileInteractability: false, timeouts: {implicit: 0, pageLoad: 300000, script: 30000}, unhandledPromptBehavior: dismiss and notify, webauthn:extension:credBlob: true, webauthn:extension:largeBlob: true, webauthn:extension:minPinLength: true, webauthn:extension:prf: true, webauthn:virtualAuthenticators: true}
Session ID: b0bed0ff68404e740ce6c218ed56e001
at org.openqa.selenium.remote.ErrorCodec.decode(ErrorCodec.java:167)
at org.openqa.selenium.remote.codec.w3c.W3CHttpResponseCodec.decode(W3CHttpResponseCodec.java:138)
at org.openqa.selenium.remote.codec.w3c.W3CHttpResponseCodec.decode(W3CHttpResponseCodec.java:50)
at org.openqa.selenium.remote.HttpCommandExecutor.execute(HttpCommandExecutor.java:190)
at org.openqa.selenium.remote.service.DriverCommandExecutor.invokeExecute(DriverCommandExecutor.java:216)
at org.openqa.selenium.remote.service.DriverCommandExecutor.execute(DriverCommandExecutor.java:174)
at org.openqa.selenium.remote.RemoteWebDriver.execute(RemoteWebDriver.java:545)
at org.openqa.selenium.remote.ElementLocation$ElementFinder$2.findElement(ElementLocation.java:165)
at org.openqa.selenium.remote.ElementLocation.findElement(ElementLocation.java:59)
at org.openqa.selenium.remote.RemoteWebDriver.findElement(RemoteWebDriver.java:368)
at org.openqa.selenium.remote.RemoteWebDriver.findElement(RemoteWebDriver.java:362)
at org.openqa.selenium.support.pagefactory.DefaultElementLocator.findElement(DefaultElementLocator.java:68)
at org.openqa.selenium.support.pagefactory.internal.LocatingElementHandler.invoke(LocatingElementHandler.java:38)
at jdk.proxy2/jdk.proxy2.$Proxy12.click(Unknown Source)
at Utilities.BrowserUtilities.selectDateFromCalendar(BrowserUtilities.java:31)
at pageObjects.Leave.LeaveListPage.selectFromDate(LeaveListPage.java:126)
at pageObjects.Leave.LeaveListPage.applyDateFilter(LeaveListPage.java:136)
at test_Cases.TestLeaveList.verifyResetDateFilter(TestLeaveList.java:94)
at java.base/java.util.ArrayList.forEach(ArrayList.java:1597)
... Removed 28 stack frames]]>
    </failure>
  </testcase> <!-- verifyResetDateFilter -->
  <testcase classname="test_Cases.TestLeaveList" name="verifyLeaveListPageShowsNoRecords" time="0.0">
    <ignored/>
  </testcase> <!-- verifyLeaveListPageShowsNoRecords -->
  <testcase classname="test_Cases.TestLeaveList" name="verifyLeaveListPageShowsRecords" time="0.0">
    <ignored/>
  </testcase> <!-- verifyLeaveListPageShowsRecords -->
  <testcase classname="test_Cases.TestLeaveList" name="verifyFilteringLeaveWithRecords" time="0.0">
    <ignored/>
  </testcase> <!-- verifyFilteringLeaveWithRecords -->
  <testcase classname="test_Cases.TestLeaveList" name="verifyFilteringLeaveWithNoRecords" time="0.0">
    <ignored/>
  </testcase> <!-- verifyFilteringLeaveWithNoRecords -->
  <testcase classname="test_Cases.TestLeaveList" name="verifyFilteringLeavesWithPendingStatusAndNoRecords" time="0.0">
    <ignored/>
  </testcase> <!-- verifyFilteringLeavesWithPendingStatusAndNoRecords -->
</testsuite> <!-- chrome -->
