<?xml version="1.0" encoding="UTF-8"?>
<!-- Generated by org.testng.reporters.JUnitXMLReporter -->
<testsuite ignored="15" hostname="LAPTOP-4C1CTOAL" failures="1" tests="1" name="smokeTest" time="16.146" errors="0" timestamp="2024-11-24T16:38:25 IST">
  <testcase classname="test_Cases.TestLeaveList" name="verifyBackClickOnleaveRequestDetails" time="4.04">
    <failure type="org.openqa.selenium.NoSuchElementException" message="no such element: Unable to locate element: {&amp;quot;method&amp;quot;:&amp;quot;xpath&amp;quot;,&amp;quot;selector&amp;quot;:&amp;quot;//button[normalize-space()=&amp;apos;Back&amp;apos;]&amp;quot;}
  (Session info: chrome=131.0.6778.86)
For documentation on this error, please visit: https://www.selenium.dev/documentation/webdriver/troubleshooting/errors#no-such-element-exception
Build info: version: &amp;apos;4.25.0&amp;apos;, revision: &amp;apos;8a8aea2337&amp;apos;
System info: os.name: &amp;apos;Windows 11&amp;apos;, os.arch: &amp;apos;amd64&amp;apos;, os.version: &amp;apos;10.0&amp;apos;, java.version: &amp;apos;23&amp;apos;
Driver info: org.openqa.selenium.chrome.ChromeDriver
Command: [deedaf5dd73133573a4d0253ab665351, findElement {using=xpath, value=//button[normalize-space()=&amp;apos;Back&amp;apos;]}]
Capabilities {acceptInsecureCerts: false, browserName: chrome, browserVersion: 131.0.6778.86, chrome: {chromedriverVersion: 131.0.6778.85 (3d81e41b6f3a..., userDataDir: C:\Users\RAMITA~1\AppData\L...}, fedcm:accounts: true, goog:chromeOptions: {debuggerAddress: localhost:63083}, networkConnectionEnabled: false, pageLoadStrategy: normal, platformName: windows, proxy: Proxy(), se:cdp: ws://localhost:63083/devtoo..., se:cdpVersion: 131.0.6778.86, setWindowRect: true, strictFileInteractability: false, timeouts: {implicit: 0, pageLoad: 300000, script: 30000}, unhandledPromptBehavior: dismiss and notify, webauthn:extension:credBlob: true, webauthn:extension:largeBlob: true, webauthn:extension:minPinLength: true, webauthn:extension:prf: true, webauthn:virtualAuthenticators: true}
Session ID: deedaf5dd73133573a4d0253ab665351">
      <![CDATA[org.openqa.selenium.NoSuchElementException: no such element: Unable to locate element: {"method":"xpath","selector":"//button[normalize-space()='Back']"}
  (Session info: chrome=131.0.6778.86)
For documentation on this error, please visit: https://www.selenium.dev/documentation/webdriver/troubleshooting/errors#no-such-element-exception
Build info: version: '4.25.0', revision: '8a8aea2337'
System info: os.name: 'Windows 11', os.arch: 'amd64', os.version: '10.0', java.version: '23'
Driver info: org.openqa.selenium.chrome.ChromeDriver
Command: [deedaf5dd73133573a4d0253ab665351, findElement {using=xpath, value=//button[normalize-space()='Back']}]
Capabilities {acceptInsecureCerts: false, browserName: chrome, browserVersion: 131.0.6778.86, chrome: {chromedriverVersion: 131.0.6778.85 (3d81e41b6f3a..., userDataDir: C:\Users\RAMITA~1\AppData\L...}, fedcm:accounts: true, goog:chromeOptions: {debuggerAddress: localhost:63083}, networkConnectionEnabled: false, pageLoadStrategy: normal, platformName: windows, proxy: Proxy(), se:cdp: ws://localhost:63083/devtoo..., se:cdpVersion: 131.0.6778.86, setWindowRect: true, strictFileInteractability: false, timeouts: {implicit: 0, pageLoad: 300000, script: 30000}, unhandledPromptBehavior: dismiss and notify, webauthn:extension:credBlob: true, webauthn:extension:largeBlob: true, webauthn:extension:minPinLength: true, webauthn:extension:prf: true, webauthn:virtualAuthenticators: true}
Session ID: deedaf5dd73133573a4d0253ab665351
at org.openqa.selenium.remote.ErrorCodec.decode(ErrorCodec.java:167)
at org.openqa.selenium.remote.codec.w3c.W3CHttpResponseCodec.decode(W3CHttpResponseCodec.java:138)
at org.openqa.selenium.remote.codec.w3c.W3CHttpResponseCodec.decode(W3CHttpResponseCodec.java:50)
at org.openqa.selenium.remote.HttpCommandExecutor.execute(HttpCommandExecutor.java:190)
at org.openqa.selenium.remote.service.DriverCommandExecutor.invokeExecute(DriverCommandExecutor.java:216)
at org.openqa.selenium.remote.service.DriverCommandExecutor.execute(DriverCommandExecutor.java:174)
at org.openqa.selenium.remote.RemoteWebDriver.execute(RemoteWebDriver.java:545)
at org.openqa.selenium.remote.ElementLocation$ElementFinder$2.findElement(ElementLocation.java:165)
at org.openqa.selenium.remote.ElementLocation.findElement(ElementLocation.java:59)
at org.openqa.selenium.remote.RemoteWebDriver.findElement(RemoteWebDriver.java:368)
at org.openqa.selenium.remote.RemoteWebDriver.findElement(RemoteWebDriver.java:362)
at org.openqa.selenium.support.pagefactory.DefaultElementLocator.findElement(DefaultElementLocator.java:68)
at org.openqa.selenium.support.pagefactory.internal.LocatingElementHandler.invoke(LocatingElementHandler.java:38)
at jdk.proxy2/jdk.proxy2.$Proxy12.click(Unknown Source)
at pageObjects.Leave.LeaveListPage.getBackBtn(LeaveListPage.java:469)
at test_Cases.TestLeaveList.verifyBackClickOnleaveRequestDetails(TestLeaveList.java:419)
at java.base/java.util.ArrayList.forEach(ArrayList.java:1597)
... Removed 28 stack frames]]>
    </failure>
  </testcase> <!-- verifyBackClickOnleaveRequestDetails -->
  <testcase classname="test_Cases.TestLeaveList" name="verifyleaveRequestDetails" time="0.0">
    <ignored/>
  </testcase> <!-- verifyleaveRequestDetails -->
  <testcase classname="test_Cases.TestLeaveList" name="verifyFilteringLeavesWithLeaveType" time="0.0">
    <ignored/>
  </testcase> <!-- verifyFilteringLeavesWithLeaveType -->
  <testcase classname="test_Cases.TestLeaveList" name="verifyFilteringLeavesWithEmployeName" time="0.0">
    <ignored/>
  </testcase> <!-- verifyFilteringLeavesWithEmployeName -->
  <testcase classname="test_Cases.TestLeaveList" name="verifyLeaveListPageShowsNoRecords" time="0.0">
    <ignored/>
  </testcase> <!-- verifyLeaveListPageShowsNoRecords -->
  <testcase classname="test_Cases.TestLeaveList" name="verifyResetDateFilter" time="0.0">
    <ignored/>
  </testcase> <!-- verifyResetDateFilter -->
  <testcase classname="test_Cases.TestLeaveList" name="verifyFilteringLeaveWithRecords" time="0.0">
    <ignored/>
  </testcase> <!-- verifyFilteringLeaveWithRecords -->
  <testcase classname="test_Cases.TestLeaveList" name="verifyFilteringLeavesWithPendingStatusAndWithRecords" time="0.0">
    <ignored/>
  </testcase> <!-- verifyFilteringLeavesWithPendingStatusAndWithRecords -->
  <testcase classname="test_Cases.TestLeaveList" name="verifyFilteringLeaveWithNoRecords" time="0.0">
    <ignored/>
  </testcase> <!-- verifyFilteringLeaveWithNoRecords -->
  <testcase classname="test_Cases.TestLeaveList" name="verifyCommentsOnleaveRequestDetails" time="0.0">
    <ignored/>
  </testcase> <!-- verifyCommentsOnleaveRequestDetails -->
  <testcase classname="test_Cases.TestLeaveList" name="verifyAddComment" time="0.0">
    <ignored/>
  </testcase> <!-- verifyAddComment -->
  <testcase classname="test_Cases.TestLeaveList" name="verifyLeaveListPageShowsRecords" time="0.0">
    <ignored/>
  </testcase> <!-- verifyLeaveListPageShowsRecords -->
  <testcase classname="test_Cases.TestLeaveList" name="verifyFilteringLeavesWithPendingStatusAndNoRecords" time="0.0">
    <ignored/>
  </testcase> <!-- verifyFilteringLeavesWithPendingStatusAndNoRecords -->
  <testcase classname="test_Cases.TestLeaveList" name="verifyCancelLeaveOnleaveRequestDetails" time="0.0">
    <ignored/>
  </testcase> <!-- verifyCancelLeaveOnleaveRequestDetails -->
  <testcase classname="test_Cases.TestLeaveList" name="verifyAddCommentOnleaveRequestDetails" time="0.0">
    <ignored/>
  </testcase> <!-- verifyAddCommentOnleaveRequestDetails -->
  <testcase classname="test_Cases.TestLeaveList" name="verifyFilteringLeavesWithCancelledStatusAndWithRecords" time="0.0">
    <ignored/>
  </testcase> <!-- verifyFilteringLeavesWithCancelledStatusAndWithRecords -->
</testsuite> <!-- smokeTest -->
